Using pre-set license
Built from '2020.2/release' branch; Version is '2020.2.1f1 (270dd8c3da1c) revision 2559448'; Using compiler version '192528614'; Build Type 'Release'
OS: 'Windows 10  (10.0.0) 64bit' Language: 'en' Physical Memory: 8109 MB
BatchMode: 1, IsHumanControllingUs: 0, StartBugReporterOnCrash: 0, Is64bit: 1, IsPro: 0

 COMMAND LINE ARGUMENTS:
C:\Program Files\Unity\Hub\Editor\2020.2.1f1\Editor\Unity.exe
-adb2
-batchMode
-noUpm
-name
AssetImportWorker1
-projectPath
C:/Users/shakl/Documents/GitHub/Buzz-Off-
-logFile
Logs/AssetImportWorker1.log
-srvPort
49889
Successfully changed project path to: C:/Users/shakl/Documents/GitHub/Buzz-Off-
C:/Users/shakl/Documents/GitHub/Buzz-Off-
Using Asset Import Pipeline V2.
Refreshing native plugins compatible for Editor in 52.28 ms, found 0 plugins.
Preloading 0 native plugins for Editor in 0.00 ms.
Initialize engine version: 2020.2.1f1 (270dd8c3da1c)
[Subsystems] Discovering subsystems at path C:/Program Files/Unity/Hub/Editor/2020.2.1f1/Editor/Data/Resources/UnitySubsystems
[Subsystems] Discovering subsystems at path C:/Users/shakl/Documents/GitHub/Buzz-Off-/Assets
GfxDevice: creating device client; threaded=0
Direct3D:
    Version:  Direct3D 11.0 [level 11.1]
    Renderer: NVIDIA GeForce GTX 1050 (ID=0x1c8d)
    Vendor:   
    VRAM:     1979 MB
    Driver:   27.21.14.5167
Initialize mono
Mono path[0] = 'C:/Program Files/Unity/Hub/Editor/2020.2.1f1/Editor/Data/Managed'
Mono path[1] = 'C:/Program Files/Unity/Hub/Editor/2020.2.1f1/Editor/Data/MonoBleedingEdge/lib/mono/unityjit'
Mono config path = 'C:/Program Files/Unity/Hub/Editor/2020.2.1f1/Editor/Data/MonoBleedingEdge/etc'
Using monoOptions --debugger-agent=transport=dt_socket,embedding=1,server=y,suspend=n,address=127.0.0.1:56984
Begin MonoManager ReloadAssembly
Registering precompiled unity dll's ...
Register platform support module: C:/Program Files/Unity/Hub/Editor/2020.2.1f1/Editor/Data/PlaybackEngines/WindowsStandaloneSupport/UnityEditor.WindowsStandalone.Extensions.dll
Registered in 0.002194 seconds.
Native extension for WindowsStandalone target not found
Refreshing native plugins compatible for Editor in 50.48 ms, found 0 plugins.
Preloading 0 native plugins for Editor in 0.00 ms.
Invoked RoslynAnalysisRunner static constructor.
RoslynAnalysisRunner will not be running.
RoslynAnalysisRunner has terminated.
Mono: successfully reloaded assembly
- Completed reload, in  1.268 seconds
Platform modules already initialized, skipping
Registering precompiled user dll's ...
Registered in 0.001567 seconds.
Begin MonoManager ReloadAssembly
Native extension for WindowsStandalone target not found
Refreshing native plugins compatible for Editor in 0.80 ms, found 0 plugins.
Preloading 0 native plugins for Editor in 0.00 ms.
Invoked RoslynAnalysisRunner static constructor.
RoslynAnalysisRunner will not be running.
RoslynAnalysisRunner has terminated.
Mono: successfully reloaded assembly
- Completed reload, in  4.000 seconds
Platform modules already initialized, skipping
========================================================================
Worker process is ready to serve import requests
Launched and connected shader compiler UnityShaderCompiler.exe after 0.04 seconds
Refreshing native plugins compatible for Editor in 0.53 ms, found 0 plugins.
Preloading 0 native plugins for Editor in 0.00 ms.
Unloading 2059 Unused Serialized files (Serialized files now loaded: 0)
System memory in use before: 102.0 MB.
System memory in use after: 102.1 MB.

Unloading 120 unused Assets to reduce memory usage. Loaded Objects now: 2495.
Total: 3.693400 ms (FindLiveObjects: 0.338800 ms CreateObjectMapping: 0.221200 ms MarkObjects: 2.897100 ms  DeleteObjects: 0.234800 ms)

========================================================================
Received Import Request.
  path: Assets/Models/BarProps/Materials/SquareTable.mat
  artifactKey: Guid(f06e6421f23d268478656e72db1acfc7) Importer(815301076,1909f56bfc062723c751e8b465ee728b)
Start importing Assets/Models/BarProps/Materials/SquareTable.mat using Guid(f06e6421f23d268478656e72db1acfc7) Importer(815301076,1909f56bfc062723c751e8b465ee728b)  -> (artifact id: '2825e059eaf7338711fe76cd4e28b803') in 0.204113 seconds
  Import took 0.210679 seconds .

========================================================================
Received Import Request.
  Time since last request: 0.000418 seconds.
  path: Assets/Models/BarProps/Materials/RoundTable.mat
  artifactKey: Guid(5334ef093f90ed144893c4368f805d29) Importer(815301076,1909f56bfc062723c751e8b465ee728b)
Start importing Assets/Models/BarProps/Materials/RoundTable.mat using Guid(5334ef093f90ed144893c4368f805d29) Importer(815301076,1909f56bfc062723c751e8b465ee728b)  -> (artifact id: 'b3f8bb70174deaee41f5ad52930e2f13') in 0.049972 seconds
  Import took 0.055931 seconds .

========================================================================
Received Import Request.
  Time since last request: 0.000403 seconds.
  path: Assets/Models/BarProps/Materials/TallSquareTable.mat
  artifactKey: Guid(ad2901fd0821dfa43883c7f7ba8217fe) Importer(815301076,1909f56bfc062723c751e8b465ee728b)
Start importing Assets/Models/BarProps/Materials/TallSquareTable.mat using Guid(ad2901fd0821dfa43883c7f7ba8217fe) Importer(815301076,1909f56bfc062723c751e8b465ee728b)  -> (artifact id: '4751d3fdcca05c5bbaceab3c6d39478e') in 0.062680 seconds
  Import took 0.070484 seconds .

========================================================================
Received Import Request.
  Time since last request: 2609.561445 seconds.
  path: Assets/Models/Office/ModernOffice_Interior/Materials/LightGray_snaps001.mat
  artifactKey: Guid(ae2efeea9c901af48b6bb19d9981d5d2) Importer(815301076,1909f56bfc062723c751e8b465ee728b)
Start importing Assets/Models/Office/ModernOffice_Interior/Materials/LightGray_snaps001.mat using Guid(ae2efeea9c901af48b6bb19d9981d5d2) Importer(815301076,1909f56bfc062723c751e8b465ee728b)  -> (artifact id: '920c04c46f8322005c7c5b034a8200a6') in 0.037253 seconds
  Import took 0.052214 seconds .

AssetImportWorkerClient::OnTransportError - code=2 error=End of file
